2025-04-18 14:25:31.664804: I tensorflow/core/platform/cpu_feature_guard.cc:193] This TensorFlow binary is optimized with oneAPI Deep Neural Network Library (oneDNN) to use the following CPU instructions in performance-critical operations:  AVX2 FMA
To enable them in other operations, rebuild TensorFlow with the appropriate compiler flags.
2025-04-18 14:25:33.825592: W tensorflow/stream_executor/platform/default/dso_loader.cc:64] Could not load dynamic library 'libcudart.so.11.0'; dlerror: libcudart.so.11.0: cannot open shared object file: No such file or directory
2025-04-18 14:25:33.827136: I tensorflow/stream_executor/cuda/cudart_stub.cc:29] Ignore above cudart dlerror if you do not have a GPU set up on your machine.
2025-04-18 14:25:34.036887: E tensorflow/stream_executor/cuda/cuda_blas.cc:2981] Unable to register cuBLAS factory: Attempting to register factory for plugin cuBLAS when one has already been registered
2025-04-18 14:25:36.918940: W tensorflow/stream_executor/platform/default/dso_loader.cc:64] Could not load dynamic library 'libnvinfer.so.7'; dlerror: libnvinfer.so.7: cannot open shared object file: No such file or directory
2025-04-18 14:25:36.919539: W tensorflow/stream_executor/platform/default/dso_loader.cc:64] Could not load dynamic library 'libnvinfer_plugin.so.7'; dlerror: libnvinfer_plugin.so.7: cannot open shared object file: No such file or directory
2025-04-18 14:25:36.919550: W tensorflow/compiler/tf2tensorrt/utils/py_utils.cc:38] TF-TRT Warning: Cannot dlopen some TensorRT libraries. If you would like to use Nvidia GPU with TensorRT, please make sure the missing libraries mentioned above are installed properly.
/home/aver/Machine_Learning/AML_MiniProject/.venv/lib/python3.10/site-packages/tensorflow/python/keras/engine/training_arrays_v1.py:37: UserWarning: A NumPy version >=1.23.5 and <2.5.0 is required for this version of SciPy (detected version 1.21.0)
  from scipy.sparse import issparse  # pylint: disable=g-import-not-at-top
Traceback (most recent call last):
  File "/home/aver/Machine_Learning/AML_MiniProject/.venv/lib/python3.10/site-packages/pandas/__init__.py", line 26, in <module>
    from pandas.compat import (
  File "/home/aver/Machine_Learning/AML_MiniProject/.venv/lib/python3.10/site-packages/pandas/compat/__init__.py", line 26, in <module>
    from pandas.compat.numpy import is_numpy_dev
  File "/home/aver/Machine_Learning/AML_MiniProject/.venv/lib/python3.10/site-packages/pandas/compat/numpy/__init__.py", line 21, in <module>
    raise ImportError(
ImportError: this version of pandas is incompatible with numpy < 1.22.4
your numpy version is 1.21.0.
Please upgrade numpy to >= 1.22.4 to use this pandas version

The above exception was the direct cause of the following exception:

Traceback (most recent call last):
  File "/home/aver/.local/share/uv/python/cpython-3.10.17-linux-x86_64-gnu/lib/python3.10/runpy.py", line 196, in _run_module_as_main
    return _run_code(code, main_globals, None,
  File "/home/aver/.local/share/uv/python/cpython-3.10.17-linux-x86_64-gnu/lib/python3.10/runpy.py", line 86, in _run_code
    exec(code, run_globals)
  File "/home/aver/Machine_Learning/AML_MiniProject/src/data_preprocessing.py", line 22, in <module>
    from datasets import Dataset, DatasetDict, load_dataset
  File "/home/aver/Machine_Learning/AML_MiniProject/.venv/lib/python3.10/site-packages/datasets/__init__.py", line 17, in <module>
    from .arrow_dataset import Dataset
  File "/home/aver/Machine_Learning/AML_MiniProject/.venv/lib/python3.10/site-packages/datasets/arrow_dataset.py", line 56, in <module>
    import pandas as pd
  File "/home/aver/Machine_Learning/AML_MiniProject/.venv/lib/python3.10/site-packages/pandas/__init__.py", line 31, in <module>
    raise ImportError(
ImportError: C extension: None not built. If you want to import pandas from the source directory, you may need to run 'python setup.py build_ext' to build the C extensions first.
